<?xml version="1.0" encoding="UTF-8"?>
<!-- Generated by org.testng.reporters.JUnitReportReporter -->
<testsuite skipped="0" hostname="DESKTOP-3KEIU4S" name="Appium.Calculator" tests="1" failures="0" timestamp="2019-12-07T10:27:06 ICT" time="30.512" errors="0">
  <testcase name="plus100" time="30.512" classname="Appium.Calculator"/>
</testsuite> <!-- Appium.Calculator -->
